Arguments: 
  C:\Program Files\nodejs\node.exe C:\Users\test\AppData\Roaming\npm\node_modules\yarn\bin\yarn.js start

PATH: 
  C:\Program Files\Git\mingw64\bin;C:\Program Files\Git\usr\bin;C:\Users\test\bin;C:\WINDOWS\system32;C:\WINDOWS;C:\WINDOWS\System32\Wbem;C:\WINDOWS\System32\WindowsPowerShell\v1.0;C:\Program Files\Git\cmd;C:\Program Files\nodejs;C:\Program Files\MongoDB\Server\3.6\bin;C:\Program Files\MySQL\MySQL Server 5.7\bin;C:\Users\test\AppData\Local\Microsoft\WindowsApps;C:\Program Files\Heroku\bin;C:\Users\test\AppData\Roaming\npm;C:\Program Files\Microsoft VS Code\bin;C:\Program Files\MongoDB\Server\3.6\bin

Yarn version: 
  1.5.1

Node version: 
  8.9.1

Platform: 
  win32 x64

npm manifest: 
  {
    "name": "clicky-game",
    "version": "1.0.0",
    "description": "",
    "main": "index.js",
    "dependencies": {
      "react": "^16.2.0",
      "react-dom": "^16.2.0",
      "react-scripts": "1.0.17"
    },
    "scripts": {
      "test": "echo \"Error: no test specified\" && exit 1"
    },
    "repository": {
      "type": "git",
      "url": "git+https://github.com/ErikPlimmer/clickyGame.git"
    },
    "keywords": [],
    "author": "",
    "license": "ISC",
    "bugs": {
      "url": "https://github.com/ErikPlimmer/clickyGame/issues"
    },
    "homepage": "https://github.com/ErikPlimmer/clickyGame#readme"
  }

yarn manifest: 
  No manifest

Lockfile: 
  No lockfile

Trace: 
  Error: Command "start" not found.
      at new MessageError (C:\Users\test\AppData\Roaming\npm\node_modules\yarn\lib\cli.js:186:110)
      at C:\Users\test\AppData\Roaming\npm\node_modules\yarn\lib\cli.js:87307:17
      at Generator.next (<anonymous>)
      at step (C:\Users\test\AppData\Roaming\npm\node_modules\yarn\lib\cli.js:98:30)
      at C:\Users\test\AppData\Roaming\npm\node_modules\yarn\lib\cli.js:116:14
      at new Promise (<anonymous>)
      at new F (C:\Users\test\AppData\Roaming\npm\node_modules\yarn\lib\cli.js:23451:28)
      at C:\Users\test\AppData\Roaming\npm\node_modules\yarn\lib\cli.js:95:12
      at runCommand (C:\Users\test\AppData\Roaming\npm\node_modules\yarn\lib\cli.js:87312:22)
      at Object.<anonymous> (C:\Users\test\AppData\Roaming\npm\node_modules\yarn\lib\cli.js:87412:14)
